[01m[K/home/hcappel1/MultiAgentWBC/src/robot/src/control_node.cpp:25:49:[m[K [01;31m[Kerror: [m[Kno â€˜[01m[KEigen::MatrixXd Robot::T_1_0(double, double)[m[Kâ€™ member function declared in class â€˜[01m[KRobot[m[Kâ€™
 MatrixXd Robot::T_1_0(double theta1, double rho1){
[01;32m[K                                                 ^[m[K
[01m[K/home/hcappel1/MultiAgentWBC/src/robot/src/control_node.cpp:[m[K In function â€˜[01m[Kint main(int, char**)[m[Kâ€™:
[01m[K/home/hcappel1/MultiAgentWBC/src/robot/src/control_node.cpp:68:9:[m[K [01;31m[Kerror: [m[Kâ€˜[01m[Ksecs[m[Kâ€™ was not declared in this scope
         secs = ros::Time::now().toSec();
[01;32m[K         ^[m[K
make[2]: *** [CMakeFiles/control_node.dir/src/control_node.cpp.o] Error 1
make[1]: *** [CMakeFiles/control_node.dir/all] Error 2
make: *** [all] Error 2
